method = sample (Default)
  sample
    num_samples = 250
    num_warmup = 2000
    save_warmup = 0 (Default)
    thin = 1 (Default)
    adapt
      engaged = 1 (Default)
      gamma = 0.050000000000000003 (Default)
      delta = 0.84999999999999998
      kappa = 0.75 (Default)
      t0 = 10 (Default)
      init_buffer = 75 (Default)
      term_buffer = 50 (Default)
      window = 25 (Default)
    algorithm = hmc (Default)
      hmc
        engine = nuts (Default)
          nuts
            max_depth = 10 (Default)
        metric = diag_e (Default)
        metric_file =  (Default)
        stepsize = 1 (Default)
        stepsize_jitter = 0 (Default)
    num_chains = 1 (Default)
id = 1 (Default)
data
  file = /Users/ddifrancesco/Library/CloudStorage/OneDrive-TheAlanTuringInstitute/Desktop/AllYourBayes/posts/Bayes@Lund/tmp/corrosion_model_data_1.json
init = 2 (Default)
random
  seed = 4192839636 (Default)
output
  file = /Users/ddifrancesco/Library/CloudStorage/OneDrive-TheAlanTuringInstitute/Desktop/AllYourBayes/posts/Bayes@Lund/tmp/corrosion_model_chain_1.csv
  diagnostic_file =  (Default)
  refresh = 100 (Default)
  sig_figs = -1 (Default)
  profile_file = profile.csv (Default)
num_threads = 1 (Default)

method = sample (Default)
  sample
    num_samples = 250
    num_warmup = 2000
    save_warmup = 0 (Default)
    thin = 1 (Default)
    adapt
      engaged = 1 (Default)
      gamma = 0.050000000000000003 (Default)
      delta = 0.84999999999999998
      kappa = 0.75 (Default)
      t0 = 10 (Default)
      init_buffer = 75 (Default)
      term_buffer = 50 (Default)
      window = 25 (Default)
    algorithm = hmc (Default)
      hmc
        engine = nuts (Default)
          nuts
            max_depth = 10 (Default)
        metric = diag_e (Default)
        metric_file =  (Default)
        stepsize = 1 (Default)
        stepsize_jitter = 0 (Default)
    num_chains = 1 (Default)
id = 2
data
  file = /Users/ddifrancesco/Library/CloudStorage/OneDrive-TheAlanTuringInstitute/Desktop/AllYourBayes/posts/Bayes@Lund/tmp/corrosion_model_data_2.json
init = 2 (Default)
random
  seed = 4192839637 (Default)
output
  file = /Users/ddifrancesco/Library/CloudStorage/OneDrive-TheAlanTuringInstitute/Desktop/AllYourBayes/posts/Bayes@Lund/tmp/corrosion_model_chain_2.csv
  diagnostic_file =  (Default)
  refresh = 100 (Default)
  sig_figs = -1 (Default)
  profile_file = profile.csv (Default)
num_threads = 1 (Default)


Gradient evaluation took 7.8e-05 seconds
1000 transitions using 10 leapfrog steps per transition would take 0.78 seconds.
Adjust your expectations accordingly!


Iteration:    1 / 2250 [  0%]  (Warmup)
method = sample (Default)
  sample
    num_samples = 250
    num_warmup = 2000
    save_warmup = 0 (Default)
    thin = 1 (Default)
    adapt
      engaged = 1 (Default)
      gamma = 0.050000000000000003 (Default)
      delta = 0.84999999999999998
      kappa = 0.75 (Default)
      t0 = 10 (Default)
      init_buffer = 75 (Default)
      term_buffer = 50 (Default)
      window = 25 (Default)
    algorithm = hmc (Default)
      hmc
        engine = nuts (Default)
          nuts
            max_depth = 10 (Default)
        metric = diag_e (Default)
        metric_file =  (Default)
        stepsize = 1 (Default)
        stepsize_jitter = 0 (Default)
    num_chains = 1 (Default)
id = 3
data
  file = /Users/ddifrancesco/Library/CloudStorage/OneDrive-TheAlanTuringInstitute/Desktop/AllYourBayes/posts/Bayes@Lund/tmp/corrosion_model_data_3.json
init = 2 (Default)
random
  seed = 4192839640 (Default)
output
  file = /Users/ddifrancesco/Library/CloudStorage/OneDrive-TheAlanTuringInstitute/Desktop/AllYourBayes/posts/Bayes@Lund/tmp/corrosion_model_chain_3.csv
  diagnostic_file =  (Default)
  refresh = 100 (Default)
  sig_figs = -1 (Default)
  profile_file = profile.csv (Default)
num_threads = 1 (Default)


Gradient evaluation took 4.1e-05 seconds
1000 transitions using 10 leapfrog steps per transition would take 0.41 seconds.
Adjust your expectations accordingly!


Iteration:    1 / 2250 [  0%]  (Warmup)
method = sample (Default)
  sample
    num_samples = 250
    num_warmup = 2000
    save_warmup = 0 (Default)
    thin = 1 (Default)
    adapt
      engaged = 1 (Default)
      gamma = 0.050000000000000003 (Default)
      delta = 0.84999999999999998
      kappa = 0.75 (Default)
      t0 = 10 (Default)
      init_buffer = 75 (Default)
      term_buffer = 50 (Default)
      window = 25 (Default)
    algorithm = hmc (Default)
      hmc
        engine = nuts (Default)
          nuts
            max_depth = 10 (Default)
        metric = diag_e (Default)
        metric_file =  (Default)
        stepsize = 1 (Default)
        stepsize_jitter = 0 (Default)
    num_chains = 1 (Default)
id = 4
data
  file = /Users/ddifrancesco/Library/CloudStorage/OneDrive-TheAlanTuringInstitute/Desktop/AllYourBayes/posts/Bayes@Lund/tmp/corrosion_model_data_4.json
init = 2 (Default)
random
  seed = 4192839641 (Default)
output
  file = /Users/ddifrancesco/Library/CloudStorage/OneDrive-TheAlanTuringInstitute/Desktop/AllYourBayes/posts/Bayes@Lund/tmp/corrosion_model_chain_4.csv
  diagnostic_file =  (Default)
  refresh = 100 (Default)
  sig_figs = -1 (Default)
  profile_file = profile.csv (Default)
num_threads = 1 (Default)


Gradient evaluation took 3.9e-05 seconds
1000 transitions using 10 leapfrog steps per transition would take 0.39 seconds.
Adjust your expectations accordingly!


Iteration:    1 / 2250 [  0%]  (Warmup)

Gradient evaluation took 4e-05 seconds
1000 transitions using 10 leapfrog steps per transition would take 0.4 seconds.
Adjust your expectations accordingly!


Iteration:    1 / 2250 [  0%]  (Warmup)
Iteration:  100 / 2250 [  4%]  (Warmup)
Iteration:  100 / 2250 [  4%]  (Warmup)
Iteration:  200 / 2250 [  8%]  (Warmup)
Iteration:  100 / 2250 [  4%]  (Warmup)
Iteration:  300 / 2250 [ 13%]  (Warmup)
Iteration:  100 / 2250 [  4%]  (Warmup)
Iteration:  200 / 2250 [  8%]  (Warmup)
Iteration:  400 / 2250 [ 17%]  (Warmup)
Iteration:  200 / 2250 [  8%]  (Warmup)
Iteration:  300 / 2250 [ 13%]  (Warmup)
Iteration:  200 / 2250 [  8%]  (Warmup)
Iteration:  500 / 2250 [ 22%]  (Warmup)
Iteration:  400 / 2250 [ 17%]  (Warmup)
Iteration:  300 / 2250 [ 13%]  (Warmup)
Iteration:  600 / 2250 [ 26%]  (Warmup)
Iteration:  300 / 2250 [ 13%]  (Warmup)
Iteration:  500 / 2250 [ 22%]  (Warmup)
Iteration:  400 / 2250 [ 17%]  (Warmup)
Iteration:  700 / 2250 [ 31%]  (Warmup)
Iteration:  400 / 2250 [ 17%]  (Warmup)
Iteration:  600 / 2250 [ 26%]  (Warmup)
Iteration:  800 / 2250 [ 35%]  (Warmup)
Iteration:  500 / 2250 [ 22%]  (Warmup)
Iteration:  700 / 2250 [ 31%]  (Warmup)
Iteration:  500 / 2250 [ 22%]  (Warmup)
Iteration:  900 / 2250 [ 40%]  (Warmup)
Iteration:  600 / 2250 [ 26%]  (Warmup)
Iteration:  800 / 2250 [ 35%]  (Warmup)
Iteration: 1000 / 2250 [ 44%]  (Warmup)
Iteration:  600 / 2250 [ 26%]  (Warmup)
Iteration:  700 / 2250 [ 31%]  (Warmup)
Iteration:  900 / 2250 [ 40%]  (Warmup)
Iteration: 1100 / 2250 [ 48%]  (Warmup)
Iteration:  700 / 2250 [ 31%]  (Warmup)
Iteration:  800 / 2250 [ 35%]  (Warmup)
Iteration: 1000 / 2250 [ 44%]  (Warmup)
Iteration: 1200 / 2250 [ 53%]  (Warmup)
Iteration:  800 / 2250 [ 35%]  (Warmup)
Iteration:  900 / 2250 [ 40%]  (Warmup)
Iteration: 1100 / 2250 [ 48%]  (Warmup)
Iteration: 1300 / 2250 [ 57%]  (Warmup)
Iteration:  900 / 2250 [ 40%]  (Warmup)
Iteration: 1200 / 2250 [ 53%]  (Warmup)
Iteration: 1000 / 2250 [ 44%]  (Warmup)
Iteration: 1400 / 2250 [ 62%]  (Warmup)
Iteration: 1300 / 2250 [ 57%]  (Warmup)
Iteration: 1000 / 2250 [ 44%]  (Warmup)
Iteration: 1100 / 2250 [ 48%]  (Warmup)
Iteration: 1500 / 2250 [ 66%]  (Warmup)
Iteration: 1400 / 2250 [ 62%]  (Warmup)
Iteration: 1200 / 2250 [ 53%]  (Warmup)
Iteration: 1100 / 2250 [ 48%]  (Warmup)
Iteration: 1600 / 2250 [ 71%]  (Warmup)
Iteration: 1500 / 2250 [ 66%]  (Warmup)
Iteration: 1300 / 2250 [ 57%]  (Warmup)
Iteration: 1200 / 2250 [ 53%]  (Warmup)
Iteration: 1700 / 2250 [ 75%]  (Warmup)
Iteration: 1600 / 2250 [ 71%]  (Warmup)
Iteration: 1400 / 2250 [ 62%]  (Warmup)
Iteration: 1300 / 2250 [ 57%]  (Warmup)
Iteration: 1800 / 2250 [ 80%]  (Warmup)
Iteration: 1700 / 2250 [ 75%]  (Warmup)
Iteration: 1500 / 2250 [ 66%]  (Warmup)
Iteration: 1900 / 2250 [ 84%]  (Warmup)
Iteration: 1400 / 2250 [ 62%]  (Warmup)
Iteration: 1800 / 2250 [ 80%]  (Warmup)
Iteration: 1600 / 2250 [ 71%]  (Warmup)
Iteration: 1500 / 2250 [ 66%]  (Warmup)
Iteration: 2000 / 2250 [ 88%]  (Warmup)
Iteration: 2001 / 2250 [ 88%]  (Sampling)
Iteration: 1900 / 2250 [ 84%]  (Warmup)
Iteration: 1700 / 2250 [ 75%]  (Warmup)
Iteration: 1600 / 2250 [ 71%]  (Warmup)
Iteration: 2000 / 2250 [ 88%]  (Warmup)
Iteration: 2001 / 2250 [ 88%]  (Sampling)
Iteration: 1800 / 2250 [ 80%]  (Warmup)
Iteration: 2100 / 2250 [ 93%]  (Sampling)
Iteration: 1700 / 2250 [ 75%]  (Warmup)
Iteration: 1900 / 2250 [ 84%]  (Warmup)
Iteration: 1800 / 2250 [ 80%]  (Warmup)
Iteration: 2100 / 2250 [ 93%]  (Sampling)
Iteration: 2200 / 2250 [ 97%]  (Sampling)
Iteration: 2000 / 2250 [ 88%]  (Warmup)
Iteration: 2001 / 2250 [ 88%]  (Sampling)
Iteration: 1900 / 2250 [ 84%]  (Warmup)
Iteration: 2250 / 2250 [100%]  (Sampling)

 Elapsed Time: 0.274 seconds (Warm-up)
               0.048 seconds (Sampling)
               0.322 seconds (Total)

Iteration: 2200 / 2250 [ 97%]  (Sampling)
Iteration: 2000 / 2250 [ 88%]  (Warmup)
Iteration: 2001 / 2250 [ 88%]  (Sampling)
Iteration: 2100 / 2250 [ 93%]  (Sampling)
Iteration: 2250 / 2250 [100%]  (Sampling)

 Elapsed Time: 0.291 seconds (Warm-up)
               0.046 seconds (Sampling)
               0.337 seconds (Total)

Iteration: 2100 / 2250 [ 93%]  (Sampling)
Iteration: 2200 / 2250 [ 97%]  (Sampling)
Iteration: 2250 / 2250 [100%]  (Sampling)

 Elapsed Time: 0.314 seconds (Warm-up)
               0.045 seconds (Sampling)
               0.359 seconds (Total)

Iteration: 2200 / 2250 [ 97%]  (Sampling)
Iteration: 2250 / 2250 [100%]  (Sampling)

 Elapsed Time: 0.33 seconds (Warm-up)
               0.044 seconds (Sampling)
               0.374 seconds (Total)

